<?xml version="1.0" encoding="UTF-8"?>
<!-- Generated by org.testng.reporters.JUnitReportReporter -->
<testsuite hostname="LAPTOP-QQUU9RBV" failures="0" tests="1" name="May21.TestngClass" time="1.401" errors="0" timestamp="2022-09-25T12:27:32 IST" skipped="0">
  <testcase classname="May21.TestngClass" name="testcase" time="1.401"/>
  <system-out/>
</testsuite> <!-- May21.TestngClass -->
